2020-06-09 06:31:17,521 WARN  [SoapUI] Missing folder [C:\Users\MEENAKSHIK\Desktop\soap proj\soap-proj\ext] for external libraries
2020-06-09 06:31:17,776 INFO  [DefaultSoapUICore] initialized soapui-settings from [C:\Users\MEENAKSHIK\soapui-settings.xml]
2020-06-09 06:31:19,663 INFO  [PluginManager] Adding plugin from [C:\Users\MEENAKSHIK\.soapuios\plugins\ready-mqtt-plugin-dist.jar]
2020-06-09 06:31:19,664 INFO  [PluginManager] Adding plugin from [C:\Users\MEENAKSHIK\.soapuios\plugins\soapui-swagger-plugin-2.2-dist.jar]
2020-06-09 06:31:20,862 ERROR [SoapUI] An error occurred [com.eviware.soapui.plugins.auto.factories.AutoImportMethodFactory], see error log for details
2020-06-09 06:31:20,866 ERROR [errorlog] java.lang.ClassNotFoundException: com.eviware.soapui.plugins.auto.factories.AutoImportMethodFactory
java.lang.ClassNotFoundException: com.eviware.soapui.plugins.auto.factories.AutoImportMethodFactory
	at org.codehaus.plexus.classworlds.strategy.SelfFirstStrategy.loadClass(SelfFirstStrategy.java:50)
	at org.codehaus.plexus.classworlds.realm.ClassRealm.unsynchronizedLoadClass(ClassRealm.java:271)
	at org.codehaus.plexus.classworlds.realm.ClassRealm.loadClass(ClassRealm.java:247)
	at org.codehaus.plexus.classworlds.realm.ClassRealm.loadClass(ClassRealm.java:239)
	at java.lang.Class.forName0(Native Method)
	at java.lang.Class.forName(Class.java:264)
	at com.eviware.soapui.plugins.LoaderBase.loadAutoFactories(LoaderBase.java:113)
	at com.eviware.soapui.plugins.LoaderBase.loadFactories(LoaderBase.java:80)
	at com.eviware.soapui.plugins.PluginLoader.loadPluginFactories(PluginLoader.java:141)
	at com.eviware.soapui.plugins.PluginLoader.loadPlugin(PluginLoader.java:104)
	at com.eviware.soapui.plugins.PluginLoader.loadPlugin(PluginLoader.java:54)
	at com.eviware.soapui.plugins.PluginManager.doInstallPlugin(PluginManager.java:141)
	at com.eviware.soapui.plugins.PluginManager.access$600(PluginManager.java:43)
	at com.eviware.soapui.plugins.PluginManager$LoadPluginsTask.computeSequentially(PluginManager.java:420)
	at com.eviware.soapui.plugins.PluginManager$LoadPluginsTask.compute(PluginManager.java:377)
	at com.eviware.soapui.plugins.PluginManager$LoadPluginsTask.compute(PluginManager.java:382)
	at com.eviware.soapui.plugins.PluginManager$LoadPluginsTask.compute(PluginManager.java:365)
	at java.util.concurrent.RecursiveTask.exec(RecursiveTask.java:94)
	at java.util.concurrent.ForkJoinTask.doExec(ForkJoinTask.java:289)
	at java.util.concurrent.ForkJoinPool$WorkQueue.runTask(ForkJoinPool.java:1056)
	at java.util.concurrent.ForkJoinPool.runWorker(ForkJoinPool.java:1692)
	at java.util.concurrent.ForkJoinWorkerThread.run(ForkJoinWorkerThread.java:157)
2020-06-09 06:31:21,001 ERROR [SoapUI] An error occurred [com.eviware.soapui.plugins.auto.factories.AutoDiscoveryMethodFactory], see error log for details
2020-06-09 06:31:21,002 ERROR [errorlog] java.lang.ClassNotFoundException: com.eviware.soapui.plugins.auto.factories.AutoDiscoveryMethodFactory
java.lang.ClassNotFoundException: com.eviware.soapui.plugins.auto.factories.AutoDiscoveryMethodFactory
	at org.codehaus.plexus.classworlds.strategy.SelfFirstStrategy.loadClass(SelfFirstStrategy.java:50)
	at org.codehaus.plexus.classworlds.realm.ClassRealm.unsynchronizedLoadClass(ClassRealm.java:271)
	at org.codehaus.plexus.classworlds.realm.ClassRealm.loadClass(ClassRealm.java:247)
	at org.codehaus.plexus.classworlds.realm.ClassRealm.loadClass(ClassRealm.java:239)
	at java.lang.Class.forName0(Native Method)
	at java.lang.Class.forName(Class.java:264)
	at com.eviware.soapui.plugins.LoaderBase.loadAutoFactories(LoaderBase.java:113)
	at com.eviware.soapui.plugins.LoaderBase.loadFactories(LoaderBase.java:80)
	at com.eviware.soapui.plugins.PluginLoader.loadPluginFactories(PluginLoader.java:141)
	at com.eviware.soapui.plugins.PluginLoader.loadPlugin(PluginLoader.java:104)
	at com.eviware.soapui.plugins.PluginLoader.loadPlugin(PluginLoader.java:54)
	at com.eviware.soapui.plugins.PluginManager.doInstallPlugin(PluginManager.java:141)
	at com.eviware.soapui.plugins.PluginManager.access$600(PluginManager.java:43)
	at com.eviware.soapui.plugins.PluginManager$LoadPluginsTask.computeSequentially(PluginManager.java:420)
	at com.eviware.soapui.plugins.PluginManager$LoadPluginsTask.compute(PluginManager.java:377)
	at com.eviware.soapui.plugins.PluginManager$LoadPluginsTask.compute(PluginManager.java:382)
	at com.eviware.soapui.plugins.PluginManager$LoadPluginsTask.compute(PluginManager.java:365)
	at java.util.concurrent.RecursiveTask.exec(RecursiveTask.java:94)
	at java.util.concurrent.ForkJoinTask.doExec(ForkJoinTask.java:289)
	at java.util.concurrent.ForkJoinPool$WorkQueue.runTask(ForkJoinPool.java:1056)
	at java.util.concurrent.ForkJoinPool.runWorker(ForkJoinPool.java:1692)
	at java.util.concurrent.ForkJoinWorkerThread.run(ForkJoinWorkerThread.java:157)
2020-06-09 06:31:21,084 ERROR [SoapUI] An error occurred [com.eviware.soapui.plugins.auto.factories.AutoImportMethodFactory], see error log for details
2020-06-09 06:31:21,085 ERROR [errorlog] java.lang.ClassNotFoundException: com.eviware.soapui.plugins.auto.factories.AutoImportMethodFactory
java.lang.ClassNotFoundException: com.eviware.soapui.plugins.auto.factories.AutoImportMethodFactory
	at org.codehaus.plexus.classworlds.strategy.SelfFirstStrategy.loadClass(SelfFirstStrategy.java:50)
	at org.codehaus.plexus.classworlds.realm.ClassRealm.unsynchronizedLoadClass(ClassRealm.java:271)
	at org.codehaus.plexus.classworlds.realm.ClassRealm.loadClass(ClassRealm.java:247)
	at org.codehaus.plexus.classworlds.realm.ClassRealm.loadClass(ClassRealm.java:239)
	at java.lang.Class.forName0(Native Method)
	at java.lang.Class.forName(Class.java:264)
	at com.eviware.soapui.plugins.LoaderBase.loadAutoFactories(LoaderBase.java:113)
	at com.eviware.soapui.plugins.LoaderBase.loadFactories(LoaderBase.java:80)
	at com.eviware.soapui.plugins.PluginLoader.loadPluginFactories(PluginLoader.java:141)
	at com.eviware.soapui.plugins.PluginLoader.loadPlugin(PluginLoader.java:104)
	at com.eviware.soapui.plugins.PluginLoader.loadPlugin(PluginLoader.java:54)
	at com.eviware.soapui.plugins.PluginManager.doInstallPlugin(PluginManager.java:141)
	at com.eviware.soapui.plugins.PluginManager.access$600(PluginManager.java:43)
	at com.eviware.soapui.plugins.PluginManager$LoadPluginsTask.computeSequentially(PluginManager.java:420)
	at com.eviware.soapui.plugins.PluginManager$LoadPluginsTask.compute(PluginManager.java:377)
	at com.eviware.soapui.plugins.PluginManager$LoadPluginsTask.compute(PluginManager.java:365)
	at java.util.concurrent.RecursiveTask.exec(RecursiveTask.java:94)
	at java.util.concurrent.ForkJoinTask.doExec(ForkJoinTask.java:289)
	at java.util.concurrent.ForkJoinPool$WorkQueue.runTask(ForkJoinPool.java:1056)
	at java.util.concurrent.ForkJoinPool.runWorker(ForkJoinPool.java:1692)
	at java.util.concurrent.ForkJoinWorkerThread.run(ForkJoinWorkerThread.java:157)
2020-06-09 06:31:21,117 INFO  [PluginManager] Adding plugin from [C:\Users\MEENAKSHIK\.soapuios\plugins\ready-uxm-plugin-1.0.1-dist.jar]
2020-06-09 06:31:21,219 ERROR [SoapUI] An error occurred [com.eviware.soapui.plugins.auto.factories.AutoDiscoveryMethodFactory], see error log for details
2020-06-09 06:31:21,223 ERROR [errorlog] java.lang.ClassNotFoundException: com.eviware.soapui.plugins.auto.factories.AutoDiscoveryMethodFactory
java.lang.ClassNotFoundException: com.eviware.soapui.plugins.auto.factories.AutoDiscoveryMethodFactory
	at org.codehaus.plexus.classworlds.strategy.SelfFirstStrategy.loadClass(SelfFirstStrategy.java:50)
	at org.codehaus.plexus.classworlds.realm.ClassRealm.unsynchronizedLoadClass(ClassRealm.java:271)
	at org.codehaus.plexus.classworlds.realm.ClassRealm.loadClass(ClassRealm.java:247)
	at org.codehaus.plexus.classworlds.realm.ClassRealm.loadClass(ClassRealm.java:239)
	at java.lang.Class.forName0(Native Method)
	at java.lang.Class.forName(Class.java:264)
	at com.eviware.soapui.plugins.LoaderBase.loadAutoFactories(LoaderBase.java:113)
	at com.eviware.soapui.plugins.LoaderBase.loadFactories(LoaderBase.java:80)
	at com.eviware.soapui.plugins.PluginLoader.loadPluginFactories(PluginLoader.java:141)
	at com.eviware.soapui.plugins.PluginLoader.loadPlugin(PluginLoader.java:104)
	at com.eviware.soapui.plugins.PluginLoader.loadPlugin(PluginLoader.java:54)
	at com.eviware.soapui.plugins.PluginManager.doInstallPlugin(PluginManager.java:141)
	at com.eviware.soapui.plugins.PluginManager.access$600(PluginManager.java:43)
	at com.eviware.soapui.plugins.PluginManager$LoadPluginsTask.computeSequentially(PluginManager.java:420)
	at com.eviware.soapui.plugins.PluginManager$LoadPluginsTask.compute(PluginManager.java:377)
	at com.eviware.soapui.plugins.PluginManager$LoadPluginsTask.compute(PluginManager.java:365)
	at java.util.concurrent.RecursiveTask.exec(RecursiveTask.java:94)
	at java.util.concurrent.ForkJoinTask.doExec(ForkJoinTask.java:289)
	at java.util.concurrent.ForkJoinPool$WorkQueue.runTask(ForkJoinPool.java:1056)
	at java.util.concurrent.ForkJoinPool.runWorker(ForkJoinPool.java:1692)
	at java.util.concurrent.ForkJoinWorkerThread.run(ForkJoinWorkerThread.java:157)
2020-06-09 06:31:21,347 INFO  [PluginManager] Adding plugin from [C:\Users\MEENAKSHIK\.soapuios\plugins\readyapi-postman-1.0.1.jar]
2020-06-09 06:31:22,188 ERROR [SoapUI] An error occurred [com.eviware.soapui.plugins.auto.factories.AutoImportMethodFactory], see error log for details
2020-06-09 06:31:22,189 ERROR [errorlog] java.lang.ClassNotFoundException: com.eviware.soapui.plugins.auto.factories.AutoImportMethodFactory
java.lang.ClassNotFoundException: com.eviware.soapui.plugins.auto.factories.AutoImportMethodFactory
	at org.codehaus.plexus.classworlds.strategy.SelfFirstStrategy.loadClass(SelfFirstStrategy.java:50)
	at org.codehaus.plexus.classworlds.realm.ClassRealm.unsynchronizedLoadClass(ClassRealm.java:271)
	at org.codehaus.plexus.classworlds.realm.ClassRealm.loadClass(ClassRealm.java:247)
	at org.codehaus.plexus.classworlds.realm.ClassRealm.loadClass(ClassRealm.java:239)
	at java.lang.Class.forName0(Native Method)
	at java.lang.Class.forName(Class.java:264)
	at com.eviware.soapui.plugins.LoaderBase.loadAutoFactories(LoaderBase.java:113)
	at com.eviware.soapui.plugins.LoaderBase.loadFactories(LoaderBase.java:80)
	at com.eviware.soapui.plugins.PluginLoader.loadPluginFactories(PluginLoader.java:141)
	at com.eviware.soapui.plugins.PluginLoader.loadPlugin(PluginLoader.java:104)
	at com.eviware.soapui.plugins.PluginLoader.loadPlugin(PluginLoader.java:54)
	at com.eviware.soapui.plugins.PluginManager.doInstallPlugin(PluginManager.java:141)
	at com.eviware.soapui.plugins.PluginManager.access$600(PluginManager.java:43)
	at com.eviware.soapui.plugins.PluginManager$LoadPluginsTask.computeSequentially(PluginManager.java:420)
	at com.eviware.soapui.plugins.PluginManager$LoadPluginsTask.compute(PluginManager.java:377)
	at com.eviware.soapui.plugins.PluginManager$LoadPluginsTask.compute(PluginManager.java:365)
	at java.util.concurrent.RecursiveTask.exec(RecursiveTask.java:94)
	at java.util.concurrent.ForkJoinTask.doExec(ForkJoinTask.java:289)
	at java.util.concurrent.ForkJoinPool$WorkQueue.runTask(ForkJoinPool.java:1056)
	at java.util.concurrent.ForkJoinPool.runWorker(ForkJoinPool.java:1692)
	at java.util.concurrent.ForkJoinWorkerThread.run(ForkJoinWorkerThread.java:157)
2020-06-09 06:31:22,305 ERROR [SoapUI] An error occurred [com.eviware.soapui.plugins.auto.factories.AutoDiscoveryMethodFactory], see error log for details
2020-06-09 06:31:22,305 ERROR [errorlog] java.lang.ClassNotFoundException: com.eviware.soapui.plugins.auto.factories.AutoDiscoveryMethodFactory
java.lang.ClassNotFoundException: com.eviware.soapui.plugins.auto.factories.AutoDiscoveryMethodFactory
	at org.codehaus.plexus.classworlds.strategy.SelfFirstStrategy.loadClass(SelfFirstStrategy.java:50)
	at org.codehaus.plexus.classworlds.realm.ClassRealm.unsynchronizedLoadClass(ClassRealm.java:271)
	at org.codehaus.plexus.classworlds.realm.ClassRealm.loadClass(ClassRealm.java:247)
	at org.codehaus.plexus.classworlds.realm.ClassRealm.loadClass(ClassRealm.java:239)
	at java.lang.Class.forName0(Native Method)
	at java.lang.Class.forName(Class.java:264)
	at com.eviware.soapui.plugins.LoaderBase.loadAutoFactories(LoaderBase.java:113)
	at com.eviware.soapui.plugins.LoaderBase.loadFactories(LoaderBase.java:80)
	at com.eviware.soapui.plugins.PluginLoader.loadPluginFactories(PluginLoader.java:141)
	at com.eviware.soapui.plugins.PluginLoader.loadPlugin(PluginLoader.java:104)
	at com.eviware.soapui.plugins.PluginLoader.loadPlugin(PluginLoader.java:54)
	at com.eviware.soapui.plugins.PluginManager.doInstallPlugin(PluginManager.java:141)
	at com.eviware.soapui.plugins.PluginManager.access$600(PluginManager.java:43)
	at com.eviware.soapui.plugins.PluginManager$LoadPluginsTask.computeSequentially(PluginManager.java:420)
	at com.eviware.soapui.plugins.PluginManager$LoadPluginsTask.compute(PluginManager.java:377)
	at com.eviware.soapui.plugins.PluginManager$LoadPluginsTask.compute(PluginManager.java:365)
	at java.util.concurrent.RecursiveTask.exec(RecursiveTask.java:94)
	at java.util.concurrent.ForkJoinTask.doExec(ForkJoinTask.java:289)
	at java.util.concurrent.ForkJoinPool$WorkQueue.runTask(ForkJoinPool.java:1056)
	at java.util.concurrent.ForkJoinPool.runWorker(ForkJoinPool.java:1692)
	at java.util.concurrent.ForkJoinWorkerThread.run(ForkJoinWorkerThread.java:157)
2020-06-09 06:31:22,354 ERROR [SoapUI] An error occurred [com.eviware.soapui.plugins.auto.factories.AutoImportMethodFactory], see error log for details
2020-06-09 06:31:22,354 ERROR [errorlog] java.lang.ClassNotFoundException: com.eviware.soapui.plugins.auto.factories.AutoImportMethodFactory
java.lang.ClassNotFoundException: com.eviware.soapui.plugins.auto.factories.AutoImportMethodFactory
	at org.codehaus.plexus.classworlds.strategy.SelfFirstStrategy.loadClass(SelfFirstStrategy.java:50)
	at org.codehaus.plexus.classworlds.realm.ClassRealm.unsynchronizedLoadClass(ClassRealm.java:271)
	at org.codehaus.plexus.classworlds.realm.ClassRealm.loadClass(ClassRealm.java:247)
	at org.codehaus.plexus.classworlds.realm.ClassRealm.loadClass(ClassRealm.java:239)
	at java.lang.Class.forName0(Native Method)
	at java.lang.Class.forName(Class.java:264)
	at com.eviware.soapui.plugins.LoaderBase.loadAutoFactories(LoaderBase.java:113)
	at com.eviware.soapui.plugins.LoaderBase.loadFactories(LoaderBase.java:80)
	at com.eviware.soapui.plugins.PluginLoader.loadPluginFactories(PluginLoader.java:141)
	at com.eviware.soapui.plugins.PluginLoader.loadPlugin(PluginLoader.java:104)
	at com.eviware.soapui.plugins.PluginLoader.loadPlugin(PluginLoader.java:54)
	at com.eviware.soapui.plugins.PluginManager.doInstallPlugin(PluginManager.java:141)
	at com.eviware.soapui.plugins.PluginManager.access$600(PluginManager.java:43)
	at com.eviware.soapui.plugins.PluginManager$LoadPluginsTask.computeSequentially(PluginManager.java:420)
	at com.eviware.soapui.plugins.PluginManager$LoadPluginsTask.compute(PluginManager.java:377)
	at com.eviware.soapui.plugins.PluginManager$LoadPluginsTask.compute(PluginManager.java:382)
	at com.eviware.soapui.plugins.PluginManager$LoadPluginsTask.compute(PluginManager.java:365)
	at java.util.concurrent.RecursiveTask.exec(RecursiveTask.java:94)
	at java.util.concurrent.ForkJoinTask.doExec(ForkJoinTask.java:289)
	at java.util.concurrent.ForkJoinPool$WorkQueue.runTask(ForkJoinPool.java:1056)
	at java.util.concurrent.ForkJoinPool.runWorker(ForkJoinPool.java:1692)
	at java.util.concurrent.ForkJoinWorkerThread.run(ForkJoinWorkerThread.java:157)
2020-06-09 06:31:22,498 ERROR [SoapUI] An error occurred [com.eviware.soapui.plugins.auto.factories.AutoDiscoveryMethodFactory], see error log for details
2020-06-09 06:31:22,500 ERROR [errorlog] java.lang.ClassNotFoundException: com.eviware.soapui.plugins.auto.factories.AutoDiscoveryMethodFactory
java.lang.ClassNotFoundException: com.eviware.soapui.plugins.auto.factories.AutoDiscoveryMethodFactory
	at org.codehaus.plexus.classworlds.strategy.SelfFirstStrategy.loadClass(SelfFirstStrategy.java:50)
	at org.codehaus.plexus.classworlds.realm.ClassRealm.unsynchronizedLoadClass(ClassRealm.java:271)
	at org.codehaus.plexus.classworlds.realm.ClassRealm.loadClass(ClassRealm.java:247)
	at org.codehaus.plexus.classworlds.realm.ClassRealm.loadClass(ClassRealm.java:239)
	at java.lang.Class.forName0(Native Method)
	at java.lang.Class.forName(Class.java:264)
	at com.eviware.soapui.plugins.LoaderBase.loadAutoFactories(LoaderBase.java:113)
	at com.eviware.soapui.plugins.LoaderBase.loadFactories(LoaderBase.java:80)
	at com.eviware.soapui.plugins.PluginLoader.loadPluginFactories(PluginLoader.java:141)
	at com.eviware.soapui.plugins.PluginLoader.loadPlugin(PluginLoader.java:104)
	at com.eviware.soapui.plugins.PluginLoader.loadPlugin(PluginLoader.java:54)
	at com.eviware.soapui.plugins.PluginManager.doInstallPlugin(PluginManager.java:141)
	at com.eviware.soapui.plugins.PluginManager.access$600(PluginManager.java:43)
	at com.eviware.soapui.plugins.PluginManager$LoadPluginsTask.computeSequentially(PluginManager.java:420)
	at com.eviware.soapui.plugins.PluginManager$LoadPluginsTask.compute(PluginManager.java:377)
	at com.eviware.soapui.plugins.PluginManager$LoadPluginsTask.compute(PluginManager.java:382)
	at com.eviware.soapui.plugins.PluginManager$LoadPluginsTask.compute(PluginManager.java:365)
	at java.util.concurrent.RecursiveTask.exec(RecursiveTask.java:94)
	at java.util.concurrent.ForkJoinTask.doExec(ForkJoinTask.java:289)
	at java.util.concurrent.ForkJoinPool$WorkQueue.runTask(ForkJoinPool.java:1056)
	at java.util.concurrent.ForkJoinPool.runWorker(ForkJoinPool.java:1692)
	at java.util.concurrent.ForkJoinWorkerThread.run(ForkJoinWorkerThread.java:157)
2020-06-09 06:31:22,612 INFO  [PluginManager] Adding plugin from [C:\Users\MEENAKSHIK\.soapuios\plugins\readyapi-swaggerhub-plugin-1.0.jar]
2020-06-09 06:31:23,295 ERROR [SoapUI] An error occurred [com.eviware.soapui.plugins.auto.factories.AutoImportMethodFactory], see error log for details
2020-06-09 06:31:23,295 ERROR [errorlog] java.lang.ClassNotFoundException: com.eviware.soapui.plugins.auto.factories.AutoImportMethodFactory
java.lang.ClassNotFoundException: com.eviware.soapui.plugins.auto.factories.AutoImportMethodFactory
	at org.codehaus.plexus.classworlds.strategy.SelfFirstStrategy.loadClass(SelfFirstStrategy.java:50)
	at org.codehaus.plexus.classworlds.realm.ClassRealm.unsynchronizedLoadClass(ClassRealm.java:271)
	at org.codehaus.plexus.classworlds.realm.ClassRealm.loadClass(ClassRealm.java:247)
	at org.codehaus.plexus.classworlds.realm.ClassRealm.loadClass(ClassRealm.java:239)
	at java.lang.Class.forName0(Native Method)
	at java.lang.Class.forName(Class.java:264)
	at com.eviware.soapui.plugins.LoaderBase.loadAutoFactories(LoaderBase.java:113)
	at com.eviware.soapui.plugins.LoaderBase.loadFactories(LoaderBase.java:80)
	at com.eviware.soapui.plugins.PluginLoader.loadPluginFactories(PluginLoader.java:141)
	at com.eviware.soapui.plugins.PluginLoader.loadPlugin(PluginLoader.java:104)
	at com.eviware.soapui.plugins.PluginLoader.loadPlugin(PluginLoader.java:54)
	at com.eviware.soapui.plugins.PluginManager.doInstallPlugin(PluginManager.java:141)
	at com.eviware.soapui.plugins.PluginManager.access$600(PluginManager.java:43)
	at com.eviware.soapui.plugins.PluginManager$LoadPluginsTask.computeSequentially(PluginManager.java:420)
	at com.eviware.soapui.plugins.PluginManager$LoadPluginsTask.compute(PluginManager.java:377)
	at com.eviware.soapui.plugins.PluginManager$LoadPluginsTask.compute(PluginManager.java:382)
	at com.eviware.soapui.plugins.PluginManager$LoadPluginsTask.compute(PluginManager.java:365)
	at java.util.concurrent.RecursiveTask.exec(RecursiveTask.java:94)
	at java.util.concurrent.ForkJoinTask.doExec(ForkJoinTask.java:289)
	at java.util.concurrent.ForkJoinPool$WorkQueue.runTask(ForkJoinPool.java:1056)
	at java.util.concurrent.ForkJoinPool.runWorker(ForkJoinPool.java:1692)
	at java.util.concurrent.ForkJoinWorkerThread.run(ForkJoinWorkerThread.java:157)
2020-06-09 06:31:23,358 ERROR [SoapUI] An error occurred [com.eviware.soapui.plugins.auto.factories.AutoDiscoveryMethodFactory], see error log for details
2020-06-09 06:31:23,361 ERROR [errorlog] java.lang.ClassNotFoundException: com.eviware.soapui.plugins.auto.factories.AutoDiscoveryMethodFactory
java.lang.ClassNotFoundException: com.eviware.soapui.plugins.auto.factories.AutoDiscoveryMethodFactory
	at org.codehaus.plexus.classworlds.strategy.SelfFirstStrategy.loadClass(SelfFirstStrategy.java:50)
	at org.codehaus.plexus.classworlds.realm.ClassRealm.unsynchronizedLoadClass(ClassRealm.java:271)
	at org.codehaus.plexus.classworlds.realm.ClassRealm.loadClass(ClassRealm.java:247)
	at org.codehaus.plexus.classworlds.realm.ClassRealm.loadClass(ClassRealm.java:239)
	at java.lang.Class.forName0(Native Method)
	at java.lang.Class.forName(Class.java:264)
	at com.eviware.soapui.plugins.LoaderBase.loadAutoFactories(LoaderBase.java:113)
	at com.eviware.soapui.plugins.LoaderBase.loadFactories(LoaderBase.java:80)
	at com.eviware.soapui.plugins.PluginLoader.loadPluginFactories(PluginLoader.java:141)
	at com.eviware.soapui.plugins.PluginLoader.loadPlugin(PluginLoader.java:104)
	at com.eviware.soapui.plugins.PluginLoader.loadPlugin(PluginLoader.java:54)
	at com.eviware.soapui.plugins.PluginManager.doInstallPlugin(PluginManager.java:141)
	at com.eviware.soapui.plugins.PluginManager.access$600(PluginManager.java:43)
	at com.eviware.soapui.plugins.PluginManager$LoadPluginsTask.computeSequentially(PluginManager.java:420)
	at com.eviware.soapui.plugins.PluginManager$LoadPluginsTask.compute(PluginManager.java:377)
	at com.eviware.soapui.plugins.PluginManager$LoadPluginsTask.compute(PluginManager.java:382)
	at com.eviware.soapui.plugins.PluginManager$LoadPluginsTask.compute(PluginManager.java:365)
	at java.util.concurrent.RecursiveTask.exec(RecursiveTask.java:94)
	at java.util.concurrent.ForkJoinTask.doExec(ForkJoinTask.java:289)
	at java.util.concurrent.ForkJoinPool$WorkQueue.runTask(ForkJoinPool.java:1056)
	at java.util.concurrent.ForkJoinPool.runWorker(ForkJoinPool.java:1692)
	at java.util.concurrent.ForkJoinWorkerThread.run(ForkJoinWorkerThread.java:157)
2020-06-09 06:31:23,425 INFO  [PluginManager] 5 plugins loaded in 3766 ms
2020-06-09 06:31:23,426 INFO  [DefaultSoapUICore] All plugins loaded
2020-06-09 06:31:24,662 INFO  [WsdlProject] Loaded project from [file:/C:/Users/MEENAKSHIK/Desktop/soap%20proj/soap-proj/SOAP-WSDL-soapui-project.xml]
2020-06-09 06:31:24,670 INFO  [SoapUITestCaseRunner] Running SoapUI tests in project [SOAP WSDL]
2020-06-09 06:31:24,672 INFO  [SoapUITestCaseRunner] Running Project [SOAP WSDL], runType = SEQUENTIAL
2020-06-09 06:31:25,038 INFO  [log] Execute before the Test Suite run
2020-06-09 06:31:25,053 INFO  [log] Run this step
2020-06-09 06:31:25,054 INFO  [SoapUITestCaseRunner] Running SoapUI testcase [E2E Customer testing using property and property transfer TC01]
2020-06-09 06:31:25,077 INFO  [SoapUITestCaseRunner] running step [Customer creation request]
2020-06-09 06:31:27,421 INFO  [log] <soap:Envelope xmlns:soap="http://www.w3.org/2003/05/soap-envelope" xmlns:def="http://soap.upskills.in/soap/default?services=customerCustomerRepositoryV1">
   <soap:Header/>
   <soap:Body>
      <def:customerCustomerRepositoryV1SaveRequest>
         <customer>
         <email>Archana1@gmail.com</email>
                  <firstname>Archana</firstname>
                  <lastname>M</lastname>
                  <dob>1994-05-19</dob>
                  <addresses>
                     <item>
                        <region>
                           <regionCode>KA</regionCode>
                           <region>Karnataka</region>
                        </region>
                        <countryId>IN</countryId>
                        <street>
                           <item>#55, 1 st Main Road</item>
                        </street>
                        <telephone>+91 9876543210</telephone>
                        <postcode>560023</postcode>
                        <city>Bengaluru</city>
                        <firstname>meenu</firstname>
                        <lastname>Kannan</lastname>
                        <defaultShipping>true</defaultShipping>
                        <defaultBilling>true</defaultBilling>
                     </item>
                  </addresses>
            </customer>
         </def:customerCustomerRepositoryV1SaveRequest>

   </soap:Body>
</soap:Envelope>
2020-06-09 06:31:27,742 INFO  [SoapUITestCaseRunner] Assertion [SOAP Response] has status VALID
2020-06-09 06:31:27,744 INFO  [SoapUITestCaseRunner] Assertion [Script Assertion] has status VALID
2020-06-09 06:31:27,747 INFO  [SoapUITestCaseRunner] running step [Get Customer List]
2020-06-09 06:31:34,368 INFO  [SoapUITestCaseRunner] Assertion [SOAP Response] has status VALID
2020-06-09 06:31:34,372 INFO  [SoapUITestCaseRunner] running step [Get customer id]
2020-06-09 06:31:34,375 INFO  [SoapUITestCaseRunner] running step [Getcustomer Id]
2020-06-09 06:31:34,379 INFO  [SoapUITestCaseRunner] running step [Get Customer By id]
2020-06-09 06:31:35,368 INFO  [SoapUITestCaseRunner] Assertion [SOAP Response] has status VALID
2020-06-09 06:31:35,368 INFO  [SoapUITestCaseRunner] running step [Delete by Id]
2020-06-09 06:31:36,594 INFO  [SoapUITestCaseRunner] Assertion [SOAP Response] has status VALID
2020-06-09 06:31:36,793 INFO  [SoapUITestCaseRunner] Finished running SoapUI testcase [E2E Customer testing using property and property transfer TC01], time taken: 11486ms, status: FINISHED
2020-06-09 06:31:36,804 INFO  [log] Run this step
2020-06-09 06:31:36,805 INFO  [SoapUITestCaseRunner] Running SoapUI testcase [Address Repository TC02]
2020-06-09 06:31:36,805 INFO  [SoapUITestCaseRunner] running step [Datadriven testing]
2020-06-09 06:31:37,102 INFO  [SoapUITestCaseRunner] running step [Customer creation request]
2020-06-09 06:31:38,261 INFO  [log] 2009
2020-06-09 06:31:38,264 INFO  [log] 2524
2020-06-09 06:31:38,268 INFO  [SoapUITestCaseRunner] Assertion [SOAP Response] has status VALID
2020-06-09 06:31:38,269 INFO  [SoapUITestCaseRunner] Assertion [Script Assertion] has status VALID
2020-06-09 06:31:38,269 INFO  [SoapUITestCaseRunner] running step [Get Address By id]
2020-06-09 06:31:39,155 INFO  [SoapUITestCaseRunner] Assertion [SOAP Response] has status VALID
2020-06-09 06:31:39,156 INFO  [SoapUITestCaseRunner] Assertion [Contains] has status VALID
2020-06-09 06:31:39,156 INFO  [SoapUITestCaseRunner] running step [Address Delete By id]
2020-06-09 06:31:40,076 INFO  [SoapUITestCaseRunner] Assertion [SOAP Response] has status VALID
2020-06-09 06:31:40,077 INFO  [SoapUITestCaseRunner] Assertion [Valid HTTP Status Codes] has status VALID
2020-06-09 06:31:40,077 INFO  [SoapUITestCaseRunner] running step [Delete by Id]
2020-06-09 06:31:41,100 INFO  [SoapUITestCaseRunner] Assertion [SOAP Response] has status VALID
2020-06-09 06:31:41,134 INFO  [SoapUITestCaseRunner] Finished running SoapUI testcase [Address Repository TC02], time taken: 4286ms, status: FINISHED
2020-06-09 06:31:41,148 INFO  [log] Run this test step
2020-06-09 06:31:41,148 INFO  [SoapUITestCaseRunner] Running SoapUI testcase [Product Repository TC03]
2020-06-09 06:31:41,151 INFO  [SoapUITestCaseRunner] running step [Get Product Type List]
2020-06-09 06:31:42,045 INFO  [SoapUITestCaseRunner] Assertion [SOAP Response] has status VALID
2020-06-09 06:31:42,052 INFO  [SoapUITestCaseRunner] Assertion [XQuery Match] has status VALID
2020-06-09 06:31:42,053 INFO  [SoapUITestCaseRunner] Assertion [Not Contains] has status VALID
2020-06-09 06:31:42,056 INFO  [SoapUITestCaseRunner] running step [JDBC Request from DB to get prod details]
2020-06-09 06:31:42,272 INFO  [SoapUITestCaseRunner] Assertion [JDBC Status] has status VALID
2020-06-09 06:31:42,273 INFO  [SoapUITestCaseRunner] Assertion [JDBC Timeout] has status VALID
2020-06-09 06:31:42,275 INFO  [SoapUITestCaseRunner] running step [sku value]
2020-06-09 06:31:42,278 INFO  [SoapUITestCaseRunner] running step [Create Product]
2020-06-09 06:31:43,710 INFO  [log] SKU0050282.43
2020-06-09 06:31:43,716 INFO  [SoapUITestCaseRunner] Assertion [SOAP Response] has status VALID
2020-06-09 06:31:43,717 INFO  [SoapUITestCaseRunner] Assertion [Script Assertion] has status VALID
2020-06-09 06:31:43,718 INFO  [SoapUITestCaseRunner] Assertion [Not SOAP Fault] has status VALID
2020-06-09 06:31:43,718 INFO  [SoapUITestCaseRunner] running step [Get Product List]
2020-06-09 06:31:44,997 INFO  [SoapUITestCaseRunner] Assertion [SOAP Response] has status VALID
2020-06-09 06:31:44,997 INFO  [SoapUITestCaseRunner] running step [Get Product by id]
2020-06-09 06:31:45,956 INFO  [SoapUITestCaseRunner] Assertion [SOAP Response] has status VALID
2020-06-09 06:31:45,956 INFO  [SoapUITestCaseRunner] running step [Delete Product By id]
2020-06-09 06:31:47,201 INFO  [SoapUITestCaseRunner] Assertion [SOAP Response] has status VALID
2020-06-09 06:31:47,303 INFO  [SoapUITestCaseRunner] Finished running SoapUI testcase [Product Repository TC03], time taken: 6025ms, status: FINISHED
2020-06-09 06:31:47,326 INFO  [log] HI
2020-06-09 06:31:47,327 INFO  [SoapUITestCaseRunner] Running SoapUI testcase [Order Repository TC04]
2020-06-09 06:31:47,328 INFO  [SoapUITestCaseRunner] running step [Input]
2020-06-09 06:31:47,329 INFO  [SoapUITestCaseRunner] running step [Customer creation request]
2020-06-09 06:31:48,524 INFO  [log] user408.8@gmail.com
2020-06-09 06:31:48,524 INFO  [SoapUITestCaseRunner] Assertion [SOAP Response] has status VALID
2020-06-09 06:31:48,529 INFO  [SoapUITestCaseRunner] Assertion [Not SOAP Fault] has status VALID
2020-06-09 06:31:48,534 INFO  [SoapUITestCaseRunner] Assertion [Valid HTTP Status Codes] has status VALID
2020-06-09 06:31:48,534 INFO  [SoapUITestCaseRunner] Assertion [Contains] has status VALID
2020-06-09 06:31:48,535 INFO  [SoapUITestCaseRunner] Assertion [Script Assertion] has status VALID
2020-06-09 06:31:48,536 INFO  [SoapUITestCaseRunner] running step [Create Product]
2020-06-09 06:31:49,827 INFO  [log] SKU00207430.4
2020-06-09 06:31:49,831 INFO  [SoapUITestCaseRunner] Assertion [SOAP Response] has status VALID
2020-06-09 06:31:49,831 INFO  [SoapUITestCaseRunner] Assertion [Script Assertion] has status VALID
2020-06-09 06:31:49,836 INFO  [SoapUITestCaseRunner] Assertion [Not SOAP Fault] has status VALID
2020-06-09 06:31:49,836 INFO  [SoapUITestCaseRunner] running step [Create Order]
2020-06-09 06:31:51,055 INFO  [log] 1013
2020-06-09 06:31:51,056 INFO  [SoapUITestCaseRunner] Assertion [SOAP Response] has status VALID
2020-06-09 06:31:51,058 INFO  [SoapUITestCaseRunner] Assertion [Script Assertion] has status VALID
2020-06-09 06:31:51,059 INFO  [SoapUITestCaseRunner] running step [Get order by id]
2020-06-09 06:31:52,058 INFO  [SoapUITestCaseRunner] Assertion [SOAP Response] has status VALID
2020-06-09 06:31:52,059 INFO  [SoapUITestCaseRunner] running step [Hold Order]
2020-06-09 06:31:53,286 INFO  [SoapUITestCaseRunner] Assertion [SOAP Response] has status VALID
2020-06-09 06:31:53,286 INFO  [SoapUITestCaseRunner] Assertion [Not SOAP Fault] has status VALID
2020-06-09 06:31:53,286 INFO  [SoapUITestCaseRunner] Assertion [Valid HTTP Status Codes] has status VALID
2020-06-09 06:31:53,288 INFO  [SoapUITestCaseRunner] running step [Unhold Order]
2020-06-09 06:31:54,412 INFO  [SoapUITestCaseRunner] Assertion [SOAP Response] has status VALID
2020-06-09 06:31:54,414 INFO  [SoapUITestCaseRunner] Assertion [Not SOAP Fault] has status VALID
2020-06-09 06:31:54,414 INFO  [SoapUITestCaseRunner] Assertion [Valid HTTP Status Codes] has status VALID
2020-06-09 06:31:54,415 INFO  [SoapUITestCaseRunner] running step [Notify Order]
2020-06-09 06:31:55,338 INFO  [SoapUITestCaseRunner] Assertion [SOAP Response] has status VALID
2020-06-09 06:31:55,339 INFO  [SoapUITestCaseRunner] running step [Order Status]
2020-06-09 06:31:56,458 INFO  [SoapUITestCaseRunner] Assertion [SOAP Response] has status VALID
2020-06-09 06:31:56,461 INFO  [SoapUITestCaseRunner] running step [Delete Product By id]
2020-06-09 06:31:57,592 INFO  [SoapUITestCaseRunner] Assertion [SOAP Response] has status VALID
2020-06-09 06:31:57,674 INFO  [SoapUITestCaseRunner] Finished running SoapUI testcase [Order Repository TC04], time taken: 10226ms, status: FINISHED
2020-06-09 06:31:57,687 ERROR [SoapUI] An error occurred [No such property: testRunner for class: Script1], see error log for details
2020-06-09 06:31:57,688 ERROR [errorlog] groovy.lang.MissingPropertyException: No such property: testRunner for class: Script1
groovy.lang.MissingPropertyException: No such property: testRunner for class: Script1
	at org.codehaus.groovy.runtime.ScriptBytecodeAdapter.unwrap(ScriptBytecodeAdapter.java:53)
	at org.codehaus.groovy.runtime.callsite.PogoGetPropertySite.getProperty(PogoGetPropertySite.java:52)
	at org.codehaus.groovy.runtime.callsite.AbstractCallSite.callGroovyObjectGetProperty(AbstractCallSite.java:307)
	at Script1.run(Script1.groovy:1)
	at com.eviware.soapui.support.scripting.groovy.SoapUIGroovyScriptEngine.run(SoapUIGroovyScriptEngine.java:90)
	at com.eviware.soapui.impl.wsdl.WsdlTestSuite.runTearDownScript(WsdlTestSuite.java:495)
	at com.eviware.soapui.impl.wsdl.testcase.WsdlTestSuiteRunner.internalFinally(WsdlTestSuiteRunner.java:163)
	at com.eviware.soapui.impl.wsdl.testcase.WsdlTestSuiteRunner.internalFinally(WsdlTestSuiteRunner.java:46)
	at com.eviware.soapui.impl.wsdl.support.AbstractTestRunner.run(AbstractTestRunner.java:149)
	at java.util.concurrent.Executors$RunnableAdapter.call(Executors.java:511)
	at java.util.concurrent.FutureTask.run(FutureTask.java:266)
	at java.util.concurrent.ThreadPoolExecutor.runWorker(ThreadPoolExecutor.java:1149)
	at java.util.concurrent.ThreadPoolExecutor$Worker.run(ThreadPoolExecutor.java:624)
	at java.lang.Thread.run(Thread.java:748)
2020-06-09 06:31:57,742 INFO  [SoapUITestCaseRunner] Running SoapUI testcase [Execute]
2020-06-09 06:31:57,745 INFO  [SoapUITestCaseRunner] running step [Execution]
2020-06-09 06:31:57,760 INFO  [log] Execute before the Test Suite run
2020-06-09 06:31:57,765 INFO  [log] Run this step
2020-06-09 06:31:57,765 INFO  [SoapUITestCaseRunner] Running SoapUI testcase [E2E Customer testing using property and property transfer TC01]
2020-06-09 06:31:57,771 INFO  [SoapUITestCaseRunner] running step [Customer creation request]
2020-06-09 06:31:58,716 INFO  [log] <soap:Envelope xmlns:soap="http://www.w3.org/2003/05/soap-envelope" xmlns:def="http://soap.upskills.in/soap/default?services=customerCustomerRepositoryV1">
   <soap:Header/>
   <soap:Body>
      <def:customerCustomerRepositoryV1SaveRequest>
         <customer>
         <email>Archana1@gmail.com</email>
                  <firstname>Archana</firstname>
                  <lastname>M</lastname>
                  <dob>1994-05-19</dob>
                  <addresses>
                     <item>
                        <region>
                           <regionCode>KA</regionCode>
                           <region>Karnataka</region>
                        </region>
                        <countryId>IN</countryId>
                        <street>
                           <item>#55, 1 st Main Road</item>
                        </street>
                        <telephone>+91 9876543210</telephone>
                        <postcode>560023</postcode>
                        <city>Bengaluru</city>
                        <firstname>meenu</firstname>
                        <lastname>Kannan</lastname>
                        <defaultShipping>true</defaultShipping>
                        <defaultBilling>true</defaultBilling>
                     </item>
                  </addresses>
            </customer>
         </def:customerCustomerRepositoryV1SaveRequest>

   </soap:Body>
</soap:Envelope>
2020-06-09 06:31:58,775 INFO  [SoapUITestCaseRunner] Assertion [SOAP Response] has status VALID
2020-06-09 06:31:58,775 INFO  [SoapUITestCaseRunner] Assertion [Script Assertion] has status VALID
2020-06-09 06:31:58,776 INFO  [SoapUITestCaseRunner] running step [Get Customer List]
2020-06-09 06:32:02,437 INFO  [SoapUITestCaseRunner] Assertion [SOAP Response] has status VALID
2020-06-09 06:32:02,437 INFO  [SoapUITestCaseRunner] running step [Get customer id]
2020-06-09 06:32:02,454 INFO  [SoapUITestCaseRunner] running step [Getcustomer Id]
2020-06-09 06:32:02,454 INFO  [SoapUITestCaseRunner] running step [Get Customer By id]
2020-06-09 06:32:03,189 INFO  [SoapUITestCaseRunner] Assertion [SOAP Response] has status VALID
2020-06-09 06:32:03,190 INFO  [SoapUITestCaseRunner] running step [Delete by Id]
2020-06-09 06:32:04,447 INFO  [SoapUITestCaseRunner] Assertion [SOAP Response] has status VALID
2020-06-09 06:32:04,523 INFO  [SoapUITestCaseRunner] Finished running SoapUI testcase [E2E Customer testing using property and property transfer TC01], time taken: 6665ms, status: FINISHED
2020-06-09 06:32:04,526 INFO  [log] Run this step
2020-06-09 06:32:04,526 INFO  [SoapUITestCaseRunner] Running SoapUI testcase [Address Repository TC02]
2020-06-09 06:32:04,532 INFO  [SoapUITestCaseRunner] running step [Datadriven testing]
2020-06-09 06:32:04,707 INFO  [SoapUITestCaseRunner] running step [Customer creation request]
2020-06-09 06:32:05,779 INFO  [log] 2012
2020-06-09 06:32:05,781 INFO  [log] 2527
2020-06-09 06:32:05,781 INFO  [SoapUITestCaseRunner] Assertion [SOAP Response] has status VALID
2020-06-09 06:32:05,782 INFO  [SoapUITestCaseRunner] Assertion [Script Assertion] has status VALID
2020-06-09 06:32:05,782 INFO  [SoapUITestCaseRunner] running step [Get Address By id]
2020-06-09 06:32:06,578 INFO  [SoapUITestCaseRunner] Assertion [SOAP Response] has status VALID
2020-06-09 06:32:06,579 INFO  [SoapUITestCaseRunner] Assertion [Contains] has status VALID
2020-06-09 06:32:06,580 INFO  [SoapUITestCaseRunner] running step [Address Delete By id]
2020-06-09 06:32:07,286 INFO  [SoapUITestCaseRunner] Assertion [SOAP Response] has status VALID
2020-06-09 06:32:07,287 INFO  [SoapUITestCaseRunner] Assertion [Valid HTTP Status Codes] has status VALID
2020-06-09 06:32:07,287 INFO  [SoapUITestCaseRunner] running step [Delete by Id]
2020-06-09 06:32:08,109 INFO  [SoapUITestCaseRunner] Assertion [SOAP Response] has status VALID
2020-06-09 06:32:08,157 INFO  [SoapUITestCaseRunner] Finished running SoapUI testcase [Address Repository TC02], time taken: 3569ms, status: FINISHED
2020-06-09 06:32:08,159 INFO  [log] Run this test step
2020-06-09 06:32:08,160 INFO  [SoapUITestCaseRunner] Running SoapUI testcase [Product Repository TC03]
2020-06-09 06:32:08,163 INFO  [SoapUITestCaseRunner] running step [Get Product Type List]
2020-06-09 06:32:08,955 INFO  [SoapUITestCaseRunner] Assertion [SOAP Response] has status VALID
2020-06-09 06:32:08,955 INFO  [SoapUITestCaseRunner] Assertion [XQuery Match] has status VALID
2020-06-09 06:32:08,956 INFO  [SoapUITestCaseRunner] Assertion [Not Contains] has status VALID
2020-06-09 06:32:08,957 INFO  [SoapUITestCaseRunner] running step [JDBC Request from DB to get prod details]
2020-06-09 06:32:08,967 INFO  [SoapUITestCaseRunner] Assertion [JDBC Status] has status VALID
2020-06-09 06:32:08,968 INFO  [SoapUITestCaseRunner] Assertion [JDBC Timeout] has status VALID
2020-06-09 06:32:08,971 INFO  [SoapUITestCaseRunner] running step [sku value]
2020-06-09 06:32:08,973 INFO  [SoapUITestCaseRunner] running step [Create Product]
2020-06-09 06:32:10,293 INFO  [log] SKU00502594.5
2020-06-09 06:32:10,295 INFO  [SoapUITestCaseRunner] Assertion [SOAP Response] has status VALID
2020-06-09 06:32:10,295 INFO  [SoapUITestCaseRunner] Assertion [Script Assertion] has status VALID
2020-06-09 06:32:10,297 INFO  [SoapUITestCaseRunner] Assertion [Not SOAP Fault] has status VALID
2020-06-09 06:32:10,297 INFO  [SoapUITestCaseRunner] running step [Get Product List]
2020-06-09 06:32:11,517 INFO  [SoapUITestCaseRunner] Assertion [SOAP Response] has status VALID
2020-06-09 06:32:11,517 INFO  [SoapUITestCaseRunner] running step [Get Product by id]
2020-06-09 06:32:12,541 INFO  [SoapUITestCaseRunner] Assertion [SOAP Response] has status VALID
2020-06-09 06:32:12,542 INFO  [SoapUITestCaseRunner] running step [Delete Product By id]
2020-06-09 06:32:13,768 INFO  [SoapUITestCaseRunner] Assertion [SOAP Response] has status VALID
2020-06-09 06:32:13,836 INFO  [SoapUITestCaseRunner] Finished running SoapUI testcase [Product Repository TC03], time taken: 5587ms, status: FINISHED
2020-06-09 06:32:13,842 INFO  [log] HI
2020-06-09 06:32:13,843 INFO  [SoapUITestCaseRunner] Running SoapUI testcase [Order Repository TC04]
2020-06-09 06:32:13,844 INFO  [SoapUITestCaseRunner] running step [Input]
2020-06-09 06:32:13,845 INFO  [SoapUITestCaseRunner] running step [Customer creation request]
2020-06-09 06:32:14,792 INFO  [log] user597.8@gmail.com
2020-06-09 06:32:14,793 INFO  [SoapUITestCaseRunner] Assertion [SOAP Response] has status VALID
2020-06-09 06:32:14,793 INFO  [SoapUITestCaseRunner] Assertion [Not SOAP Fault] has status VALID
2020-06-09 06:32:14,794 INFO  [SoapUITestCaseRunner] Assertion [Valid HTTP Status Codes] has status VALID
2020-06-09 06:32:14,794 INFO  [SoapUITestCaseRunner] Assertion [Contains] has status VALID
2020-06-09 06:32:14,795 INFO  [SoapUITestCaseRunner] Assertion [Script Assertion] has status VALID
2020-06-09 06:32:14,795 INFO  [SoapUITestCaseRunner] running step [Create Product]
2020-06-09 06:32:16,022 INFO  [log] SKU00207262.6
2020-06-09 06:32:16,026 INFO  [SoapUITestCaseRunner] Assertion [SOAP Response] has status VALID
2020-06-09 06:32:16,029 INFO  [SoapUITestCaseRunner] Assertion [Script Assertion] has status VALID
2020-06-09 06:32:16,031 INFO  [SoapUITestCaseRunner] Assertion [Not SOAP Fault] has status VALID
2020-06-09 06:32:16,038 INFO  [SoapUITestCaseRunner] running step [Create Order]
2020-06-09 06:32:17,050 INFO  [log] 1014
2020-06-09 06:32:17,055 INFO  [SoapUITestCaseRunner] Assertion [SOAP Response] has status VALID
2020-06-09 06:32:17,056 INFO  [SoapUITestCaseRunner] Assertion [Script Assertion] has status VALID
2020-06-09 06:32:17,061 INFO  [SoapUITestCaseRunner] running step [Get order by id]
2020-06-09 06:32:17,963 INFO  [SoapUITestCaseRunner] Assertion [SOAP Response] has status VALID
2020-06-09 06:32:17,964 INFO  [SoapUITestCaseRunner] running step [Hold Order]
2020-06-09 06:32:18,988 INFO  [SoapUITestCaseRunner] Assertion [SOAP Response] has status VALID
2020-06-09 06:32:18,989 INFO  [SoapUITestCaseRunner] Assertion [Not SOAP Fault] has status VALID
2020-06-09 06:32:18,990 INFO  [SoapUITestCaseRunner] Assertion [Valid HTTP Status Codes] has status VALID
2020-06-09 06:32:18,992 INFO  [SoapUITestCaseRunner] running step [Unhold Order]
2020-06-09 06:32:20,120 INFO  [SoapUITestCaseRunner] Assertion [SOAP Response] has status VALID
2020-06-09 06:32:20,121 INFO  [SoapUITestCaseRunner] Assertion [Not SOAP Fault] has status VALID
2020-06-09 06:32:20,121 INFO  [SoapUITestCaseRunner] Assertion [Valid HTTP Status Codes] has status VALID
2020-06-09 06:32:20,126 INFO  [SoapUITestCaseRunner] running step [Notify Order]
2020-06-09 06:32:21,140 INFO  [SoapUITestCaseRunner] Assertion [SOAP Response] has status VALID
2020-06-09 06:32:21,141 INFO  [SoapUITestCaseRunner] running step [Order Status]
2020-06-09 06:32:22,168 INFO  [SoapUITestCaseRunner] Assertion [SOAP Response] has status VALID
2020-06-09 06:32:22,171 INFO  [SoapUITestCaseRunner] running step [Delete Product By id]
2020-06-09 06:32:23,288 INFO  [SoapUITestCaseRunner] Assertion [SOAP Response] has status VALID
2020-06-09 06:32:23,367 INFO  [SoapUITestCaseRunner] Finished running SoapUI testcase [Order Repository TC04], time taken: 9395ms, status: FINISHED
2020-06-09 06:32:23,368 ERROR [SoapUI] An error occurred [No such property: testRunner for class: Script1], see error log for details
2020-06-09 06:32:23,369 ERROR [errorlog] groovy.lang.MissingPropertyException: No such property: testRunner for class: Script1
groovy.lang.MissingPropertyException: No such property: testRunner for class: Script1
	at org.codehaus.groovy.runtime.ScriptBytecodeAdapter.unwrap(ScriptBytecodeAdapter.java:53)
	at org.codehaus.groovy.runtime.callsite.PogoGetPropertySite.getProperty(PogoGetPropertySite.java:52)
	at org.codehaus.groovy.runtime.callsite.AbstractCallSite.callGroovyObjectGetProperty(AbstractCallSite.java:307)
	at Script1.run(Script1.groovy:1)
	at com.eviware.soapui.support.scripting.groovy.SoapUIGroovyScriptEngine.run(SoapUIGroovyScriptEngine.java:90)
	at com.eviware.soapui.impl.wsdl.WsdlTestSuite.runTearDownScript(WsdlTestSuite.java:495)
	at com.eviware.soapui.impl.wsdl.testcase.WsdlTestSuiteRunner.internalFinally(WsdlTestSuiteRunner.java:163)
	at com.eviware.soapui.impl.wsdl.testcase.WsdlTestSuiteRunner.internalFinally(WsdlTestSuiteRunner.java:46)
	at com.eviware.soapui.impl.wsdl.support.AbstractTestRunner.run(AbstractTestRunner.java:149)
	at com.eviware.soapui.impl.wsdl.support.AbstractTestRunner.start(AbstractTestRunner.java:76)
	at com.eviware.soapui.impl.wsdl.WsdlTestSuite.run(WsdlTestSuite.java:675)
	at com.eviware.soapui.impl.wsdl.WsdlTestSuite.run(WsdlTestSuite.java:65)
	at com.eviware.soapui.model.testsuite.TestSuite$run.call(Unknown Source)
	at org.codehaus.groovy.runtime.callsite.CallSiteArray.defaultCall(CallSiteArray.java:48)
	at org.codehaus.groovy.runtime.callsite.AbstractCallSite.call(AbstractCallSite.java:113)
	at org.codehaus.groovy.runtime.callsite.AbstractCallSite.call(AbstractCallSite.java:133)
	at Script1.run(Script1.groovy:5)
	at com.eviware.soapui.support.scripting.groovy.SoapUIGroovyScriptEngine.run(SoapUIGroovyScriptEngine.java:90)
	at com.eviware.soapui.impl.wsdl.teststeps.WsdlGroovyScriptTestStep.run(WsdlGroovyScriptTestStep.java:141)
	at com.eviware.soapui.impl.wsdl.support.AbstractTestCaseRunner.runTestStep(AbstractTestCaseRunner.java:211)
	at com.eviware.soapui.impl.wsdl.testcase.WsdlTestCaseRunner.runCurrentTestStep(WsdlTestCaseRunner.java:47)
	at com.eviware.soapui.impl.wsdl.support.AbstractTestCaseRunner.internalRun(AbstractTestCaseRunner.java:138)
	at com.eviware.soapui.impl.wsdl.support.AbstractTestCaseRunner.internalRun(AbstractTestCaseRunner.java:46)
	at com.eviware.soapui.impl.wsdl.support.AbstractTestRunner.run(AbstractTestRunner.java:128)
	at java.util.concurrent.Executors$RunnableAdapter.call(Executors.java:511)
	at java.util.concurrent.FutureTask.run(FutureTask.java:266)
	at java.util.concurrent.ThreadPoolExecutor.runWorker(ThreadPoolExecutor.java:1149)
	at java.util.concurrent.ThreadPoolExecutor$Worker.run(ThreadPoolExecutor.java:624)
	at java.lang.Thread.run(Thread.java:748)
2020-06-09 06:32:23,496 INFO  [log] Status: FINISHED, timetaken: 25608 ms
2020-06-09 06:32:23,504 INFO  [log] Number of test steps executed: 4
2020-06-09 06:32:23,505 INFO  [SoapUITestCaseRunner] Finished running SoapUI testcase [Execute], time taken: 25759ms, status: FINISHED
2020-06-09 06:32:23,505 INFO  [SoapUITestCaseRunner] Project [SOAP WSDL] finished with status [FINISHED] in 58827ms
2020-06-09 06:32:26,007 WARN  [Tools] Could not delete temporary directory C:\Users\MEENAK~1\AppData\Local\Temp\9e336b3f-2b91-47c6-9b6d-db2780ecf367
2020-06-09 06:32:26,013 WARN  [Tools] Could not delete temporary directory C:\Users\MEENAK~1\AppData\Local\Temp\36821e25-50b5-43b3-88a1-b962e07263ed
